C:\USERS\DARKHEART\DOCUMENTS\VISUAL STUDIO 2010\PROJECTS\PLATEPATTERN\DEBUG\PLATEPATTERN.EXE
C:\USERS\DARKHEART\DOCUMENTS\VISUAL STUDIO 2010\PROJECTS\PLATEPATTERN\DEBUG\PLATEPATTERN.ILK
C:\USERS\DARKHEART\DOCUMENTS\VISUAL STUDIO 2010\PROJECTS\PLATEPATTERN\DEBUG\PLATEPATTERN.PDB
C:\USERS\DARKHEART\DOCUMENTS\VISUAL STUDIO 2010\PROJECTS\PLATEPATTERN\PLATEPATTERN\DEBUG\.NETFRAMEWORK,VERSION=V4.0.ASSEMBLYATTRIBUTES.OBJ
C:\Users\Darkheart\documents\visual studio 2010\Projects\PlatePattern\PlatePattern\Debug\cl.command.1.tlog
C:\Users\Darkheart\documents\visual studio 2010\Projects\PlatePattern\PlatePattern\Debug\CL.read.1.tlog
C:\Users\Darkheart\documents\visual studio 2010\Projects\PlatePattern\PlatePattern\Debug\CL.write.1.tlog
C:\Users\Darkheart\documents\visual studio 2010\Projects\PlatePattern\PlatePattern\Debug\link.1576.read.1.tlog
C:\Users\Darkheart\documents\visual studio 2010\Projects\PlatePattern\PlatePattern\Debug\link.1576.write.1.tlog
C:\Users\Darkheart\documents\visual studio 2010\Projects\PlatePattern\PlatePattern\Debug\link.1928.read.1.tlog
C:\Users\Darkheart\documents\visual studio 2010\Projects\PlatePattern\PlatePattern\Debug\link.1928.write.1.tlog
C:\Users\Darkheart\documents\visual studio 2010\Projects\PlatePattern\PlatePattern\Debug\link.200.read.1.tlog
C:\Users\Darkheart\documents\visual studio 2010\Projects\PlatePattern\PlatePattern\Debug\link.200.write.1.tlog
C:\Users\Darkheart\documents\visual studio 2010\Projects\PlatePattern\PlatePattern\Debug\link.2684.read.1.tlog
C:\Users\Darkheart\documents\visual studio 2010\Projects\PlatePattern\PlatePattern\Debug\link.2684.write.1.tlog
C:\Users\Darkheart\documents\visual studio 2010\Projects\PlatePattern\PlatePattern\Debug\link.3004.read.1.tlog
C:\Users\Darkheart\documents\visual studio 2010\Projects\PlatePattern\PlatePattern\Debug\link.3004.write.1.tlog
C:\Users\Darkheart\documents\visual studio 2010\Projects\PlatePattern\PlatePattern\Debug\link.3232.read.1.tlog
C:\Users\Darkheart\documents\visual studio 2010\Projects\PlatePattern\PlatePattern\Debug\link.3232.write.1.tlog
C:\Users\Darkheart\documents\visual studio 2010\Projects\PlatePattern\PlatePattern\Debug\link.3544.read.1.tlog
C:\Users\Darkheart\documents\visual studio 2010\Projects\PlatePattern\PlatePattern\Debug\link.3544.write.1.tlog
C:\Users\Darkheart\documents\visual studio 2010\Projects\PlatePattern\PlatePattern\Debug\link.3596.read.1.tlog
C:\Users\Darkheart\documents\visual studio 2010\Projects\PlatePattern\PlatePattern\Debug\link.3596.write.1.tlog
C:\Users\Darkheart\documents\visual studio 2010\Projects\PlatePattern\PlatePattern\Debug\link.3944.read.1.tlog
C:\Users\Darkheart\documents\visual studio 2010\Projects\PlatePattern\PlatePattern\Debug\link.3944.write.1.tlog
C:\Users\Darkheart\documents\visual studio 2010\Projects\PlatePattern\PlatePattern\Debug\link.3972.read.1.tlog
C:\Users\Darkheart\documents\visual studio 2010\Projects\PlatePattern\PlatePattern\Debug\link.3972.write.1.tlog
C:\Users\Darkheart\documents\visual studio 2010\Projects\PlatePattern\PlatePattern\Debug\link.400.read.1.tlog
C:\Users\Darkheart\documents\visual studio 2010\Projects\PlatePattern\PlatePattern\Debug\link.400.write.1.tlog
C:\Users\Darkheart\documents\visual studio 2010\Projects\PlatePattern\PlatePattern\Debug\link.4060.read.1.tlog
C:\Users\Darkheart\documents\visual studio 2010\Projects\PlatePattern\PlatePattern\Debug\link.4060.write.1.tlog
C:\Users\Darkheart\documents\visual studio 2010\Projects\PlatePattern\PlatePattern\Debug\link.4308.read.1.tlog
C:\Users\Darkheart\documents\visual studio 2010\Projects\PlatePattern\PlatePattern\Debug\link.4308.write.1.tlog
C:\Users\Darkheart\documents\visual studio 2010\Projects\PlatePattern\PlatePattern\Debug\link.4532.read.1.tlog
C:\Users\Darkheart\documents\visual studio 2010\Projects\PlatePattern\PlatePattern\Debug\link.4532.write.1.tlog
C:\Users\Darkheart\documents\visual studio 2010\Projects\PlatePattern\PlatePattern\Debug\link.4644.read.1.tlog
C:\Users\Darkheart\documents\visual studio 2010\Projects\PlatePattern\PlatePattern\Debug\link.4644.write.1.tlog
C:\Users\Darkheart\documents\visual studio 2010\Projects\PlatePattern\PlatePattern\Debug\link.4676.read.1.tlog
C:\Users\Darkheart\documents\visual studio 2010\Projects\PlatePattern\PlatePattern\Debug\link.4676.write.1.tlog
C:\Users\Darkheart\documents\visual studio 2010\Projects\PlatePattern\PlatePattern\Debug\link.4708.read.1.tlog
C:\Users\Darkheart\documents\visual studio 2010\Projects\PlatePattern\PlatePattern\Debug\link.4708.write.1.tlog
C:\Users\Darkheart\documents\visual studio 2010\Projects\PlatePattern\PlatePattern\Debug\link.4832.read.1.tlog
C:\Users\Darkheart\documents\visual studio 2010\Projects\PlatePattern\PlatePattern\Debug\link.4832.write.1.tlog
C:\Users\Darkheart\documents\visual studio 2010\Projects\PlatePattern\PlatePattern\Debug\link.4860.read.1.tlog
C:\Users\Darkheart\documents\visual studio 2010\Projects\PlatePattern\PlatePattern\Debug\link.4860.write.1.tlog
C:\Users\Darkheart\documents\visual studio 2010\Projects\PlatePattern\PlatePattern\Debug\link.5112.read.1.tlog
C:\Users\Darkheart\documents\visual studio 2010\Projects\PlatePattern\PlatePattern\Debug\link.5112.write.1.tlog
C:\Users\Darkheart\documents\visual studio 2010\Projects\PlatePattern\PlatePattern\Debug\link.652.read.1.tlog
C:\Users\Darkheart\documents\visual studio 2010\Projects\PlatePattern\PlatePattern\Debug\link.652.write.1.tlog
C:\Users\Darkheart\documents\visual studio 2010\Projects\PlatePattern\PlatePattern\Debug\link.852.read.1.tlog
C:\Users\Darkheart\documents\visual studio 2010\Projects\PlatePattern\PlatePattern\Debug\link.852.write.1.tlog
C:\Users\Darkheart\documents\visual studio 2010\Projects\PlatePattern\PlatePattern\Debug\link.command.1.tlog
C:\Users\Darkheart\documents\visual studio 2010\Projects\PlatePattern\PlatePattern\Debug\link.read.1.tlog
C:\Users\Darkheart\documents\visual studio 2010\Projects\PlatePattern\PlatePattern\Debug\link.write.1.tlog
C:\USERS\DARKHEART\DOCUMENTS\VISUAL STUDIO 2010\PROJECTS\PLATEPATTERN\PLATEPATTERN\DEBUG\MAIN.OBJ
C:\Users\Darkheart\documents\visual studio 2010\Projects\PlatePattern\PlatePattern\Debug\metagen.read.1.tlog
C:\Users\Darkheart\documents\visual studio 2010\Projects\PlatePattern\PlatePattern\Debug\metagen.write.1.tlog
C:\Users\Darkheart\documents\visual studio 2010\Projects\PlatePattern\PlatePattern\Debug\mt.command.1.tlog
C:\Users\Darkheart\documents\visual studio 2010\Projects\PlatePattern\PlatePattern\Debug\mt.read.1.tlog
C:\Users\Darkheart\documents\visual studio 2010\Projects\PlatePattern\PlatePattern\Debug\mt.write.1.tlog
C:\USERS\DARKHEART\DOCUMENTS\VISUAL STUDIO 2010\PROJECTS\PLATEPATTERN\PLATEPATTERN\DEBUG\PLATEPATTERN.EXE.INTERMEDIATE.MANIFEST
C:\Users\Darkheart\documents\visual studio 2010\Projects\PlatePattern\PlatePattern\Debug\RSAENH.DLL.bi
C:\Users\Darkheart\documents\visual studio 2010\Projects\PlatePattern\PlatePattern\Debug\TZRES.DLL.bi
C:\USERS\DARKHEART\DOCUMENTS\VISUAL STUDIO 2010\PROJECTS\PLATEPATTERN\PLATEPATTERN\DEBUG\VC100.PDB
